Analysis & Synthesis report for CPU
Wed Sep 28 13:37:33 2022
Quartus Prime Version 21.1.0 Build 842 10/21/2021 SJ Lite Edition


---------------------
; Table of Contents ;
---------------------
  1. Legal Notice
  2. Analysis & Synthesis Summary
  3. Analysis & Synthesis Settings
  4. Parallel Compilation
  5. Analysis & Synthesis Source Files Read
  6. Analysis & Synthesis Resource Usage Summary
  7. Analysis & Synthesis Resource Utilization by Entity
  8. General Register Statistics
  9. Parameter Settings for User Entity Instance: debouncer:inst1
 10. Post-Synthesis Netlist Statistics for Top Partition
 11. Elapsed Time Per Partition
 12. Analysis & Synthesis Messages



----------------
; Legal Notice ;
----------------
Copyright (C) 2021  Intel Corporation. All rights reserved.
Your use of Intel Corporation's design tools, logic functions 
and other software and tools, and any partner logic 
functions, and any output files from any of the foregoing 
(including device programming or simulation files), and any 
associated documentation or information are expressly subject 
to the terms and conditions of the Intel Program License 
Subscription Agreement, the Intel Quartus Prime License Agreement,
the Intel FPGA IP License Agreement, or other applicable license
agreement, including, without limitation, that your use is for
the sole purpose of programming logic devices manufactured by
Intel and sold by Intel or its authorized distributors.  Please
refer to the applicable agreement for further details, at
https://fpgasoftware.intel.com/eula.



+----------------------------------------------------------------------------------+
; Analysis & Synthesis Summary                                                     ;
+------------------------------------+---------------------------------------------+
; Analysis & Synthesis Status        ; Successful - Wed Sep 28 13:37:33 2022       ;
; Quartus Prime Version              ; 21.1.0 Build 842 10/21/2021 SJ Lite Edition ;
; Revision Name                      ; CPU                                         ;
; Top-level Entity Name              ; Count8                                      ;
; Family                             ; Cyclone IV E                                ;
; Total logic elements               ; 0                                           ;
;     Total combinational functions  ; 0                                           ;
;     Dedicated logic registers      ; 0                                           ;
; Total registers                    ; 0                                           ;
; Total pins                         ; 48                                          ;
; Total virtual pins                 ; 0                                           ;
; Total memory bits                  ; 0                                           ;
; Embedded Multiplier 9-bit elements ; 0                                           ;
; Total PLLs                         ; 0                                           ;
+------------------------------------+---------------------------------------------+


+------------------------------------------------------------------------------------------------------------+
; Analysis & Synthesis Settings                                                                              ;
+------------------------------------------------------------------+--------------------+--------------------+
; Option                                                           ; Setting            ; Default Value      ;
+------------------------------------------------------------------+--------------------+--------------------+
; Device                                                           ; EP4CE115F29C7      ;                    ;
; Top-level entity name                                            ; Count8             ; CPU                ;
; Family name                                                      ; Cyclone IV E       ; Cyclone V          ;
; Use smart compilation                                            ; Off                ; Off                ;
; Enable parallel Assembler and Timing Analyzer during compilation ; On                 ; On                 ;
; Enable compact report table                                      ; Off                ; Off                ;
; Restructure Multiplexers                                         ; Auto               ; Auto               ;
; Create Debugging Nodes for IP Cores                              ; Off                ; Off                ;
; Preserve fewer node names                                        ; On                 ; On                 ;
; Intel FPGA IP Evaluation Mode                                    ; Enable             ; Enable             ;
; Verilog Version                                                  ; Verilog_2001       ; Verilog_2001       ;
; VHDL Version                                                     ; VHDL_1993          ; VHDL_1993          ;
; State Machine Processing                                         ; Auto               ; Auto               ;
; Safe State Machine                                               ; Off                ; Off                ;
; Extract Verilog State Machines                                   ; On                 ; On                 ;
; Extract VHDL State Machines                                      ; On                 ; On                 ;
; Ignore Verilog initial constructs                                ; Off                ; Off                ;
; Iteration limit for constant Verilog loops                       ; 5000               ; 5000               ;
; Iteration limit for non-constant Verilog loops                   ; 250                ; 250                ;
; Add Pass-Through Logic to Inferred RAMs                          ; On                 ; On                 ;
; Infer RAMs from Raw Logic                                        ; On                 ; On                 ;
; Parallel Synthesis                                               ; On                 ; On                 ;
; DSP Block Balancing                                              ; Auto               ; Auto               ;
; NOT Gate Push-Back                                               ; On                 ; On                 ;
; Power-Up Don't Care                                              ; On                 ; On                 ;
; Remove Redundant Logic Cells                                     ; Off                ; Off                ;
; Remove Duplicate Registers                                       ; On                 ; On                 ;
; Ignore CARRY Buffers                                             ; Off                ; Off                ;
; Ignore CASCADE Buffers                                           ; Off                ; Off                ;
; Ignore GLOBAL Buffers                                            ; Off                ; Off                ;
; Ignore ROW GLOBAL Buffers                                        ; Off                ; Off                ;
; Ignore LCELL Buffers                                             ; Off                ; Off                ;
; Ignore SOFT Buffers                                              ; On                 ; On                 ;
; Limit AHDL Integers to 32 Bits                                   ; Off                ; Off                ;
; Optimization Technique                                           ; Balanced           ; Balanced           ;
; Carry Chain Length                                               ; 70                 ; 70                 ;
; Auto Carry Chains                                                ; On                 ; On                 ;
; Auto Open-Drain Pins                                             ; On                 ; On                 ;
; Perform WYSIWYG Primitive Resynthesis                            ; Off                ; Off                ;
; Auto ROM Replacement                                             ; On                 ; On                 ;
; Auto RAM Replacement                                             ; On                 ; On                 ;
; Auto DSP Block Replacement                                       ; On                 ; On                 ;
; Auto Shift Register Replacement                                  ; Auto               ; Auto               ;
; Allow Shift Register Merging across Hierarchies                  ; Auto               ; Auto               ;
; Auto Clock Enable Replacement                                    ; On                 ; On                 ;
; Strict RAM Replacement                                           ; Off                ; Off                ;
; Allow Synchronous Control Signals                                ; On                 ; On                 ;
; Force Use of Synchronous Clear Signals                           ; Off                ; Off                ;
; Auto RAM Block Balancing                                         ; On                 ; On                 ;
; Auto RAM to Logic Cell Conversion                                ; Off                ; Off                ;
; Auto Resource Sharing                                            ; Off                ; Off                ;
; Allow Any RAM Size For Recognition                               ; Off                ; Off                ;
; Allow Any ROM Size For Recognition                               ; Off                ; Off                ;
; Allow Any Shift Register Size For Recognition                    ; Off                ; Off                ;
; Use LogicLock Constraints during Resource Balancing              ; On                 ; On                 ;
; Ignore translate_off and synthesis_off directives                ; Off                ; Off                ;
; Timing-Driven Synthesis                                          ; On                 ; On                 ;
; Report Parameter Settings                                        ; On                 ; On                 ;
; Report Source Assignments                                        ; On                 ; On                 ;
; Report Connectivity Checks                                       ; On                 ; On                 ;
; Ignore Maximum Fan-Out Assignments                               ; Off                ; Off                ;
; Synchronization Register Chain Length                            ; 2                  ; 2                  ;
; Power Optimization During Synthesis                              ; Normal compilation ; Normal compilation ;
; HDL message level                                                ; Level2             ; Level2             ;
; Suppress Register Optimization Related Messages                  ; Off                ; Off                ;
; Number of Removed Registers Reported in Synthesis Report         ; 5000               ; 5000               ;
; Number of Swept Nodes Reported in Synthesis Report               ; 5000               ; 5000               ;
; Number of Inverted Registers Reported in Synthesis Report        ; 100                ; 100                ;
; Clock MUX Protection                                             ; On                 ; On                 ;
; Auto Gated Clock Conversion                                      ; Off                ; Off                ;
; Block Design Naming                                              ; Auto               ; Auto               ;
; SDC constraint protection                                        ; Off                ; Off                ;
; Synthesis Effort                                                 ; Auto               ; Auto               ;
; Shift Register Replacement - Allow Asynchronous Clear Signal     ; On                 ; On                 ;
; Pre-Mapping Resynthesis Optimization                             ; Off                ; Off                ;
; Analysis & Synthesis Message Level                               ; Medium             ; Medium             ;
; Disable Register Merging Across Hierarchies                      ; Auto               ; Auto               ;
; Resource Aware Inference For Block RAM                           ; On                 ; On                 ;
+------------------------------------------------------------------+--------------------+--------------------+


+------------------------------------------+
; Parallel Compilation                     ;
+----------------------------+-------------+
; Processors                 ; Number      ;
+----------------------------+-------------+
; Number detected on machine ; 4           ;
; Maximum allowed            ; 4           ;
;                            ;             ;
; Average used               ; 1.00        ;
; Maximum used               ; 1           ;
;                            ;             ;
; Usage by Processor         ; % Time Used ;
;     Processor 1            ; 100.0%      ;
+----------------------------+-------------+


+-------------------------------------------------------------------------------------------------------------------------------------------------+
; Analysis & Synthesis Source Files Read                                                                                                          ;
+----------------------------------+-----------------+------------------------------------+---------------------------------------------+---------+
; File Name with User-Entered Path ; Used in Netlist ; File Type                          ; File Name with Absolute Path                ; Library ;
+----------------------------------+-----------------+------------------------------------+---------------------------------------------+---------+
; Count8.bdf                       ; yes             ; User Block Diagram/Schematic File  ; C:/Users/12681094/Documents/CPU/Count8.bdf  ;         ;
; display.bdf                      ; yes             ; User Block Diagram/Schematic File  ; C:/Users/12681094/Documents/CPU/display.bdf ;         ;
; debouncer.v                      ; yes             ; Auto-Found Verilog HDL File        ; C:/Users/12681094/Documents/CPU/debouncer.v ;         ;
+----------------------------------+-----------------+------------------------------------+---------------------------------------------+---------+


+---------------------------------------------------------+
; Analysis & Synthesis Resource Usage Summary             ;
+---------------------------------------------+-----------+
; Resource                                    ; Usage     ;
+---------------------------------------------+-----------+
;                                             ;           ;
; Total combinational functions               ; 0         ;
; Logic element usage by number of LUT inputs ;           ;
;     -- 4 input functions                    ; 0         ;
;     -- 3 input functions                    ; 0         ;
;     -- <=2 input functions                  ; 0         ;
;                                             ;           ;
; Logic elements by mode                      ;           ;
;     -- normal mode                          ; 0         ;
;     -- arithmetic mode                      ; 0         ;
;                                             ;           ;
; Total registers                             ; 0         ;
;     -- Dedicated logic registers            ; 0         ;
;     -- I/O registers                        ; 0         ;
;                                             ;           ;
; I/O pins                                    ; 48        ;
;                                             ;           ;
; Embedded Multiplier 9-bit elements          ; 0         ;
;                                             ;           ;
; Maximum fan-out node                        ; S0~output ;
; Maximum fan-out                             ; 1         ;
; Total fan-out                               ; 48        ;
; Average fan-out                             ; 0.50      ;
+---------------------------------------------+-----------+


+----------------------------------------------------------------------------------------------------------------------------------------------------------------------------------------------------------+
; Analysis & Synthesis Resource Utilization by Entity                                                                                                                                                      ;
+----------------------------+---------------------+---------------------------+-------------+--------------+---------+-----------+------+--------------+---------------------+-------------+--------------+
; Compilation Hierarchy Node ; Combinational ALUTs ; Dedicated Logic Registers ; Memory Bits ; DSP Elements ; DSP 9x9 ; DSP 18x18 ; Pins ; Virtual Pins ; Full Hierarchy Name ; Entity Name ; Library Name ;
+----------------------------+---------------------+---------------------------+-------------+--------------+---------+-----------+------+--------------+---------------------+-------------+--------------+
; |Count8                    ; 0 (0)               ; 0 (0)                     ; 0           ; 0            ; 0       ; 0         ; 48   ; 0            ; |Count8             ; Count8      ; work         ;
+----------------------------+---------------------+---------------------------+-------------+--------------+---------+-----------+------+--------------+---------------------+-------------+--------------+
Note: For table entries with two numbers listed, the numbers in parentheses indicate the number of resources of the given type used by the specific entity alone. The numbers listed outside of parentheses indicate the total resources of the given type used by the specific entity and all of its sub-entities in the hierarchy.


+------------------------------------------------------+
; General Register Statistics                          ;
+----------------------------------------------+-------+
; Statistic                                    ; Value ;
+----------------------------------------------+-------+
; Total registers                              ; 0     ;
; Number of registers using Synchronous Clear  ; 0     ;
; Number of registers using Synchronous Load   ; 0     ;
; Number of registers using Asynchronous Clear ; 0     ;
; Number of registers using Asynchronous Load  ; 0     ;
; Number of registers using Clock Enable       ; 0     ;
; Number of registers using Preset             ; 0     ;
+----------------------------------------------+-------+


+--------------------------------------------------------------+
; Parameter Settings for User Entity Instance: debouncer:inst1 ;
+----------------+-------+-------------------------------------+
; Parameter Name ; Value ; Type                                ;
+----------------+-------+-------------------------------------+
; DELAY_BITS     ; 16    ; Signed Integer                      ;
+----------------+-------+-------------------------------------+
Note: In order to hide this table in the UI and the text report file, please set the "Show Parameter Settings in Synthesis Report" option in "Analysis and Synthesis Settings -> More Settings" to "Off".


+-----------------------------------------------------+
; Post-Synthesis Netlist Statistics for Top Partition ;
+-----------------------+-----------------------------+
; Type                  ; Count                       ;
+-----------------------+-----------------------------+
; boundary_port         ; 48                          ;
; cycloneiii_lcell_comb ; 2                           ;
;     normal            ; 2                           ;
;         0 data inputs ; 2                           ;
;                       ;                             ;
; Max LUT depth         ; 0.00                        ;
; Average LUT depth     ; 0.00                        ;
+-----------------------+-----------------------------+


+-------------------------------+
; Elapsed Time Per Partition    ;
+----------------+--------------+
; Partition Name ; Elapsed Time ;
+----------------+--------------+
; Top            ; 00:00:00     ;
+----------------+--------------+


+-------------------------------+
; Analysis & Synthesis Messages ;
+-------------------------------+
Info: *******************************************************************
Info: Running Quartus Prime Analysis & Synthesis
    Info: Version 21.1.0 Build 842 10/21/2021 SJ Lite Edition
    Info: Processing started: Wed Sep 28 13:37:24 2022
Info: Command: quartus_map --read_settings_files=on --write_settings_files=off CPU -c CPU
Warning (18236): Number of processors has not been specified which may cause overloading on shared machines.  Set the global assignment NUM_PARALLEL_PROCESSORS in your QSF to an appropriate value for best performance.
Info (20030): Parallel compilation is enabled and will use 4 of the 4 processors detected
Info (12021): Found 1 design units, including 1 entities, in source file reg4.bdf
    Info (12023): Found entity 1: Reg4
Info (12021): Found 1 design units, including 1 entities, in source file cpu.bdf
    Info (12023): Found entity 1: CPU
Info (12021): Found 1 design units, including 1 entities, in source file count8.bdf
    Info (12023): Found entity 1: Count8
Info (12021): Found 1 design units, including 1 entities, in source file reg16.bdf
    Info (12023): Found entity 1: Reg16
Info (12021): Found 1 design units, including 1 entities, in source file testebus.bdf
    Info (12023): Found entity 1: testeBUS
Info (12021): Found 1 design units, including 1 entities, in source file ula.bdf
    Info (12023): Found entity 1: ULA
Info (12021): Found 1 design units, including 1 entities, in source file mem256x16.bdf
    Info (12023): Found entity 1: mem256x16
Info (12021): Found 2 design units, including 1 entities, in source file rom01.vhd
    Info (12022): Found design unit 1: rom01-SYN File: C:/Users/12681094/Documents/CPU/rom01.vhd Line: 53
    Info (12023): Found entity 1: rom01 File: C:/Users/12681094/Documents/CPU/rom01.vhd Line: 43
Warning (12090): Entity "mux" obtained from "mux.bdf" instead of from Quartus Prime megafunction library
Info (12021): Found 1 design units, including 1 entities, in source file mux.bdf
    Info (12023): Found entity 1: mux
Info (12021): Found 1 design units, including 1 entities, in source file display.bdf
    Info (12023): Found entity 1: display
Info (12127): Elaborating entity "Count8" for the top level hierarchy
Warning (275043): Pin "b_s[12..0]" is missing source
Warning (275009): Pin "MCLEAR" not connected
Warning (275009): Pin "JUMP_" not connected
Warning (275009): Pin "A" not connected
Warning (275008): Primitive "OR2" of instance "inst10" not used
Warning (275008): Primitive "NOT" of instance "inst11" not used
Warning (275008): Primitive "NOT" of instance "inst12" not used
Warning (275008): Primitive "OR2" of instance "inst14" not used
Warning (275008): Primitive "NOT" of instance "inst15" not used
Warning (275008): Primitive "NOT" of instance "inst16" not used
Warning (275008): Primitive "OR2" of instance "inst18" not used
Warning (275008): Primitive "NOT" of instance "inst19" not used
Warning (275008): Primitive "AND2" of instance "inst2" not used
Warning (275008): Primitive "NOT" of instance "inst20" not used
Warning (275008): Primitive "OR2" of instance "inst22" not used
Warning (275008): Primitive "NOT" of instance "inst23" not used
Warning (275008): Primitive "NOT" of instance "inst24" not used
Warning (275008): Primitive "OR2" of instance "inst26" not used
Warning (275008): Primitive "NOT" of instance "inst27" not used
Warning (275008): Primitive "NOT" of instance "inst28" not used
Warning (275008): Primitive "OR2" of instance "inst30" not used
Warning (275008): Primitive "NOT" of instance "inst31" not used
Warning (275008): Primitive "NOT" of instance "inst32" not used
Warning (275008): Primitive "OR2" of instance "inst34" not used
Warning (275008): Primitive "NOT" of instance "inst35" not used
Warning (275008): Primitive "NOT" of instance "inst36" not used
Warning (275008): Primitive "TFF" of instance "inst37" not used
Warning (275008): Primitive "AND2" of instance "inst38" not used
Warning (275008): Primitive "TFF" of instance "inst39" not used
Warning (275008): Primitive "AND2" of instance "inst40" not used
Warning (275008): Primitive "TFF" of instance "inst41" not used
Warning (275008): Primitive "AND2" of instance "inst42" not used
Warning (275008): Primitive "TFF" of instance "inst43" not used
Warning (275008): Primitive "AND2" of instance "inst44" not used
Warning (275008): Primitive "TFF" of instance "inst45" not used
Warning (275008): Primitive "AND2" of instance "inst46" not used
Warning (275008): Primitive "TFF" of instance "inst47" not used
Warning (275008): Primitive "AND2" of instance "inst48" not used
Warning (275008): Primitive "TFF" of instance "inst49" not used
Warning (275008): Primitive "VCC" of instance "inst5" not used
Warning (275008): Primitive "AND2" of instance "inst50" not used
Warning (275008): Primitive "TFF" of instance "inst51" not used
Warning (275008): Primitive "AND2" of instance "inst52" not used
Warning (275008): Primitive "NOT" of instance "inst53" not used
Warning (275008): Primitive "AND2" of instance "inst54" not used
Warning (275008): Primitive "AND2" of instance "inst55" not used
Warning (275008): Primitive "NOT" of instance "inst56" not used
Warning (275008): Primitive "NOT" of instance "inst57" not used
Warning (275008): Primitive "AND2" of instance "inst58" not used
Warning (275008): Primitive "NOT" of instance "inst59" not used
Warning (275008): Primitive "OR2" of instance "inst6" not used
Warning (275008): Primitive "AND2" of instance "inst60" not used
Warning (275008): Primitive "NOT" of instance "inst61" not used
Warning (275008): Primitive "AND2" of instance "inst62" not used
Warning (275008): Primitive "NOT" of instance "inst63" not used
Warning (275008): Primitive "AND2" of instance "inst64" not used
Warning (275008): Primitive "NOT" of instance "inst65" not used
Warning (275008): Primitive "AND2" of instance "inst66" not used
Warning (275008): Primitive "NOT" of instance "inst67" not used
Warning (275008): Primitive "AND2" of instance "inst68" not used
Warning (275008): Primitive "NOT" of instance "inst7" not used
Warning (275008): Primitive "AND2" of instance "inst70" not used
Warning (275008): Primitive "AND2" of instance "inst71" not used
Warning (275008): Primitive "AND2" of instance "inst72" not used
Warning (275008): Primitive "AND2" of instance "inst73" not used
Warning (275008): Primitive "AND2" of instance "inst74" not used
Warning (275008): Primitive "AND2" of instance "inst75" not used
Warning (275008): Primitive "NOT" of instance "inst8" not used
Info (12128): Elaborating entity "display" for hierarchy "display:inst80"
Warning (12125): Using design file debouncer.v, which is not specified as a design file for the current project, but contains definitions for 1 design units and 1 entities in project
    Info (12023): Found entity 1: debouncer File: C:/Users/12681094/Documents/CPU/debouncer.v Line: 28
Info (12128): Elaborating entity "debouncer" for hierarchy "debouncer:inst1"
Warning (10230): Verilog HDL assignment warning at debouncer.v(71): truncated value with size 32 to match size of target (16) File: C:/Users/12681094/Documents/CPU/debouncer.v Line: 71
Warning (13024): Output pins are stuck at VCC or GND
    Warning (13410): Pin "S0" is stuck at GND
    Warning (13410): Pin "b_s[12]" is stuck at GND
    Warning (13410): Pin "b_s[11]" is stuck at GND
    Warning (13410): Pin "b_s[10]" is stuck at GND
    Warning (13410): Pin "b_s[9]" is stuck at GND
    Warning (13410): Pin "b_s[8]" is stuck at GND
    Warning (13410): Pin "b_s[7]" is stuck at GND
    Warning (13410): Pin "b_s[6]" is stuck at GND
    Warning (13410): Pin "b_s[5]" is stuck at GND
    Warning (13410): Pin "b_s[4]" is stuck at GND
    Warning (13410): Pin "b_s[3]" is stuck at GND
    Warning (13410): Pin "b_s[2]" is stuck at GND
    Warning (13410): Pin "b_s[1]" is stuck at GND
    Warning (13410): Pin "b_s[0]" is stuck at GND
    Warning (13410): Pin "S1" is stuck at GND
    Warning (13410): Pin "S2" is stuck at GND
    Warning (13410): Pin "S3" is stuck at GND
    Warning (13410): Pin "S4" is stuck at GND
    Warning (13410): Pin "S5" is stuck at GND
    Warning (13410): Pin "S6" is stuck at GND
    Warning (13410): Pin "S7" is stuck at GND
    Warning (13410): Pin "b2" is stuck at GND
    Warning (13410): Pin "c2" is stuck at GND
    Warning (13410): Pin "d2" is stuck at GND
    Warning (13410): Pin "e2" is stuck at GND
    Warning (13410): Pin "g2" is stuck at VCC
    Warning (13410): Pin "f2" is stuck at GND
    Warning (13410): Pin "b1" is stuck at GND
    Warning (13410): Pin "c1" is stuck at GND
    Warning (13410): Pin "d1" is stuck at GND
    Warning (13410): Pin "e1" is stuck at GND
    Warning (13410): Pin "f1" is stuck at GND
    Warning (13410): Pin "g1" is stuck at VCC
    Warning (13410): Pin "a11" is stuck at GND
    Warning (13410): Pin "a21" is stuck at GND
Info (16010): Generating hard_block partition "hard_block:auto_generated_inst"
    Info (16011): Adding 0 node(s), including 0 DDIO, 0 PLL, 0 transceiver and 0 LCELL
Warning (21074): Design contains 13 input pin(s) that do not drive logic
    Warning (15610): No output dependent on input pin "CLK_in"
    Warning (15610): No output dependent on input pin "rst_deb"
    Warning (15610): No output dependent on input pin "input_key"
    Warning (15610): No output dependent on input pin "MCLEAR"
    Warning (15610): No output dependent on input pin "JUMP_"
    Warning (15610): No output dependent on input pin "A[7]"
    Warning (15610): No output dependent on input pin "A[6]"
    Warning (15610): No output dependent on input pin "A[5]"
    Warning (15610): No output dependent on input pin "A[4]"
    Warning (15610): No output dependent on input pin "A[3]"
    Warning (15610): No output dependent on input pin "A[2]"
    Warning (15610): No output dependent on input pin "A[1]"
    Warning (15610): No output dependent on input pin "A[0]"
Info (21057): Implemented 48 device resources after synthesis - the final resource count might be different
    Info (21058): Implemented 13 input pins
    Info (21059): Implemented 35 output pins
Info: Quartus Prime Analysis & Synthesis was successful. 0 errors, 122 warnings
    Info: Peak virtual memory: 4804 megabytes
    Info: Processing ended: Wed Sep 28 13:37:33 2022
    Info: Elapsed time: 00:00:09
    Info: Total CPU time (on all processors): 00:00:17


